Using pre-set license
Built from '2021.1/staging' branch; Version is '2021.1.5f1 (3737af19df53) revision 3618735'; Using compiler version '192528614'; Build Type 'Release'
OS: 'Windows 10 Home; OS build 19041.928; Version 2004; 64bit' Language: 'en' Physical Memory: 49091 MB
BatchMode: 1, IsHumanControllingUs: 0, StartBugReporterOnCrash: 0, Is64bit: 1, IsPro: 0

 COMMAND LINE ARGUMENTS:
G:\Unity\2021.1.5f1\Editor\Unity.exe
-adb2
-batchMode
-noUpm
-name
AssetImportWorker0
-projectPath
G:/Coding/Unity Projects/VR_Test
-logFile
Logs/AssetImportWorker0.log
-srvPort
23157
Successfully changed project path to: G:/Coding/Unity Projects/VR_Test
G:/Coding/Unity Projects/VR_Test
Using Asset Import Pipeline V2.
Refreshing native plugins compatible for Editor in 132.81 ms, found 6 plugins.
Preloading 0 native plugins for Editor in 0.00 ms.
Initialize engine version: 2021.1.5f1 (3737af19df53)
[Subsystems] Discovering subsystems at path G:/Unity/2021.1.5f1/Editor/Data/Resources/UnitySubsystems
[Subsystems] Discovering subsystems at path G:/Coding/Unity Projects/VR_Test/Assets
GfxDevice: creating device client; threaded=0; jobified=0
Direct3D:
    Version:  Direct3D 11.0 [level 11.1]
    Renderer: NVIDIA GeForce GTX 970 (ID=0x13c2)
    Vendor:   NVIDIA
    VRAM:     4043 MB
    Driver:   27.21.14.5671
Initialize mono
Mono path[0] = 'G:/Unity/2021.1.5f1/Editor/Data/Managed'
Mono path[1] = 'G:/Unity/2021.1.5f1/Editor/Data/MonoBleedingEdge/lib/mono/unityjit'
Mono config path = 'G:/Unity/2021.1.5f1/Editor/Data/MonoBleedingEdge/etc'
Using monoOptions --debugger-agent=transport=dt_socket,embedding=1,server=y,suspend=n,address=127.0.0.1:56484
Begin MonoManager ReloadAssembly
Registering precompiled unity dll's ...
Register platform support module: G:/Unity/2021.1.5f1/Editor/Data/PlaybackEngines/WebGLSupport/UnityEditor.WebGL.Extensions.dll
Register platform support module: G:/Unity/2021.1.5f1/Editor/Data/PlaybackEngines/WindowsStandaloneSupport/UnityEditor.WindowsStandalone.Extensions.dll
Registered in 0.003356 seconds.
Native extension for WindowsStandalone target not found
Native extension for WebGL target not found
Refreshing native plugins compatible for Editor in 169.33 ms, found 6 plugins.
Preloading 0 native plugins for Editor in 0.00 ms.
Mono: successfully reloaded assembly
- Completed reload, in  1.905 seconds
Platform modules already initialized, skipping
Registering precompiled user dll's ...
Registered in 0.005917 seconds.
Begin MonoManager ReloadAssembly
Native extension for WindowsStandalone target not found
Native extension for WebGL target not found
Refreshing native plugins compatible for Editor in 189.27 ms, found 6 plugins.
Preloading 0 native plugins for Editor in 0.00 ms.
Mono: successfully reloaded assembly
- Completed reload, in  1.934 seconds
Platform modules already initialized, skipping
========================================================================
Worker process is ready to serve import requests
Shader 'Universal Render Pipeline/Particles/Lit': fallback shader 'Universal Render Pipeline/Particles/SimpleLit' not found
Shader 'Universal Render Pipeline/Particles/Lit': fallback shader 'Universal Render Pipeline/Particles/SimpleLit' not found
Launched and connected shader compiler UnityShaderCompiler.exe after 0.14 seconds
Refreshing native plugins compatible for Editor in 4.51 ms, found 6 plugins.
Preloading 0 native plugins for Editor in 0.00 ms.
Unloading 4600 Unused Serialized files (Serialized files now loaded: 0)
System memory in use before: 183.5 MB.
System memory in use after: 180.6 MB.

Unloading 68 unused Assets to reduce memory usage. Loaded Objects now: 5024.
Total: 48.174300 ms (FindLiveObjects: 32.735700 ms CreateObjectMapping: 0.932000 ms MarkObjects: 3.112400 ms  DeleteObjects: 11.391800 ms)

========================================================================
Received Import Request.
  path: Assets/Scripts/VRShoot.cs
  artifactKey: Guid(edbb185a8a2054a4e9e97095a3709fa6) Importer(815301076,1909f56bfc062723c751e8b465ee728b)
Start importing Assets/Scripts/VRShoot.cs using Guid(edbb185a8a2054a4e9e97095a3709fa6) Importer(815301076,1909f56bfc062723c751e8b465ee728b)  -> (artifact id: '0363a83752ddaa1b0f2df3735344992f') in 0.103490 seconds 
========================================================================
Received Prepare
Registering precompiled user dll's ...
Registered in 0.007338 seconds.
Begin MonoManager ReloadAssembly
Native extension for WindowsStandalone target not found
Native extension for WebGL target not found
Refreshing native plugins compatible for Editor in 1.02 ms, found 6 plugins.
Preloading 0 native plugins for Editor in 0.00 ms.
Mono: successfully reloaded assembly
- Completed reload, in  1.170 seconds
Platform modules already initialized, skipping
Shader 'Universal Render Pipeline/Particles/Lit': fallback shader 'Universal Render Pipeline/Particles/SimpleLit' not found
Shader 'Universal Render Pipeline/Particles/Lit': fallback shader 'Universal Render Pipeline/Particles/SimpleLit' not found
Refreshing native plugins compatible for Editor in 1.01 ms, found 6 plugins.
Preloading 0 native plugins for Editor in 0.00 ms.
Unloading 4518 Unused Serialized files (Serialized files now loaded: 0)
System memory in use before: 179.2 MB.
System memory in use after: 176.5 MB.

Unloading 61 unused Assets to reduce memory usage. Loaded Objects now: 5028.
Total: 3.691900 ms (FindLiveObjects: 0.341700 ms CreateObjectMapping: 0.218900 ms MarkObjects: 2.098000 ms  DeleteObjects: 1.032300 ms)

========================================================================
Received Prepare
Registering precompiled user dll's ...
Registered in 0.005901 seconds.
Begin MonoManager ReloadAssembly
Native extension for WindowsStandalone target not found
Native extension for WebGL target not found
Refreshing native plugins compatible for Editor in 0.91 ms, found 6 plugins.
Preloading 0 native plugins for Editor in 0.00 ms.
Mono: successfully reloaded assembly
- Completed reload, in  1.310 seconds
Platform modules already initialized, skipping
Shader 'Universal Render Pipeline/Particles/Lit': fallback shader 'Universal Render Pipeline/Particles/SimpleLit' not found
Shader 'Universal Render Pipeline/Particles/Lit': fallback shader 'Universal Render Pipeline/Particles/SimpleLit' not found
Refreshing native plugins compatible for Editor in 1.20 ms, found 6 plugins.
Preloading 0 native plugins for Editor in 0.00 ms.
Unloading 4518 Unused Serialized files (Serialized files now loaded: 0)
System memory in use before: 179.2 MB.
System memory in use after: 176.6 MB.

Unloading 61 unused Assets to reduce memory usage. Loaded Objects now: 5032.
Total: 4.155100 ms (FindLiveObjects: 0.398500 ms CreateObjectMapping: 0.275200 ms MarkObjects: 2.341000 ms  DeleteObjects: 1.139100 ms)

========================================================================
Received Import Request.
  Time since last request: 2887.630384 seconds.
  path: Assets/Scripts/VRShoot.cs
  artifactKey: Guid(edbb185a8a2054a4e9e97095a3709fa6) Importer(815301076,1909f56bfc062723c751e8b465ee728b)
Start importing Assets/Scripts/VRShoot.cs using Guid(edbb185a8a2054a4e9e97095a3709fa6) Importer(815301076,1909f56bfc062723c751e8b465ee728b)  -> (artifact id: 'e40166f3725b5e3fd12bef1f99a0a61b') in 0.008341 seconds 
========================================================================
Received Prepare
Registering precompiled user dll's ...
Registered in 0.006656 seconds.
Begin MonoManager ReloadAssembly
Native extension for WindowsStandalone target not found
Native extension for WebGL target not found
Refreshing native plugins compatible for Editor in 0.97 ms, found 6 plugins.
Preloading 0 native plugins for Editor in 0.00 ms.
Mono: successfully reloaded assembly
- Completed reload, in  1.253 seconds
Platform modules already initialized, skipping
Shader 'Universal Render Pipeline/Particles/Lit': fallback shader 'Universal Render Pipeline/Particles/SimpleLit' not found
Shader 'Universal Render Pipeline/Particles/Lit': fallback shader 'Universal Render Pipeline/Particles/SimpleLit' not found
Refreshing native plugins compatible for Editor in 0.93 ms, found 6 plugins.
Preloading 0 native plugins for Editor in 0.00 ms.
Unloading 4518 Unused Serialized files (Serialized files now loaded: 0)
System memory in use before: 179.3 MB.
System memory in use after: 176.6 MB.

Unloading 61 unused Assets to reduce memory usage. Loaded Objects now: 5036.
Total: 5.509000 ms (FindLiveObjects: 0.518100 ms CreateObjectMapping: 0.404400 ms MarkObjects: 2.737600 ms  DeleteObjects: 1.846600 ms)

========================================================================
Received Import Request.
  Time since last request: 40.140975 seconds.
  path: Assets/Scripts/VRShoot.cs
  artifactKey: Guid(edbb185a8a2054a4e9e97095a3709fa6) Importer(815301076,1909f56bfc062723c751e8b465ee728b)
Start importing Assets/Scripts/VRShoot.cs using Guid(edbb185a8a2054a4e9e97095a3709fa6) Importer(815301076,1909f56bfc062723c751e8b465ee728b)  -> (artifact id: '845a1960a3bd09b567cf11663439f81c') in 0.007528 seconds 
========================================================================
Received Prepare
Registering precompiled user dll's ...
Registered in 0.006100 seconds.
Begin MonoManager ReloadAssembly
Native extension for WindowsStandalone target not found
Native extension for WebGL target not found
Refreshing native plugins compatible for Editor in 0.93 ms, found 6 plugins.
Preloading 0 native plugins for Editor in 0.00 ms.
Mono: successfully reloaded assembly
- Completed reload, in  1.051 seconds
Platform modules already initialized, skipping
Shader 'Universal Render Pipeline/Particles/Lit': fallback shader 'Universal Render Pipeline/Particles/SimpleLit' not found
Shader 'Universal Render Pipeline/Particles/Lit': fallback shader 'Universal Render Pipeline/Particles/SimpleLit' not found
Refreshing native plugins compatible for Editor in 0.95 ms, found 6 plugins.
Preloading 0 native plugins for Editor in 0.00 ms.
Unloading 4518 Unused Serialized files (Serialized files now loaded: 0)
System memory in use before: 179.4 MB.
System memory in use after: 176.7 MB.

Unloading 61 unused Assets to reduce memory usage. Loaded Objects now: 5040.
Total: 4.485600 ms (FindLiveObjects: 0.482500 ms CreateObjectMapping: 0.353000 ms MarkObjects: 2.504700 ms  DeleteObjects: 1.144400 ms)

========================================================================
Received Prepare
Registering precompiled user dll's ...
Registered in 0.007218 seconds.
Begin MonoManager ReloadAssembly
Native extension for WindowsStandalone target not found
Native extension for WebGL target not found
Refreshing native plugins compatible for Editor in 0.99 ms, found 6 plugins.
Preloading 0 native plugins for Editor in 0.00 ms.
Mono: successfully reloaded assembly
- Completed reload, in  1.256 seconds
Platform modules already initialized, skipping
Shader 'Universal Render Pipeline/Particles/Lit': fallback shader 'Universal Render Pipeline/Particles/SimpleLit' not found
Shader 'Universal Render Pipeline/Particles/Lit': fallback shader 'Universal Render Pipeline/Particles/SimpleLit' not found
Refreshing native plugins compatible for Editor in 1.00 ms, found 6 plugins.
Preloading 0 native plugins for Editor in 0.00 ms.
Unloading 4518 Unused Serialized files (Serialized files now loaded: 0)
System memory in use before: 179.3 MB.
System memory in use after: 176.7 MB.

Unloading 61 unused Assets to reduce memory usage. Loaded Objects now: 5044.
Total: 7.255600 ms (FindLiveObjects: 1.037200 ms CreateObjectMapping: 1.175100 ms MarkObjects: 3.582300 ms  DeleteObjects: 1.459400 ms)

========================================================================
Received Import Request.
  Time since last request: 68.026663 seconds.
  path: Assets/Scripts/VRShoot.cs
  artifactKey: Guid(edbb185a8a2054a4e9e97095a3709fa6) Importer(815301076,1909f56bfc062723c751e8b465ee728b)
Start importing Assets/Scripts/VRShoot.cs using Guid(edbb185a8a2054a4e9e97095a3709fa6) Importer(815301076,1909f56bfc062723c751e8b465ee728b)  -> (artifact id: '948c8b7aa9218b168d561df0b1db397d') in 0.009019 seconds 
========================================================================
Received Prepare
Registering precompiled user dll's ...
Registered in 0.007394 seconds.
Begin MonoManager ReloadAssembly
Native extension for WindowsStandalone target not found
Native extension for WebGL target not found
Refreshing native plugins compatible for Editor in 0.96 ms, found 6 plugins.
Preloading 0 native plugins for Editor in 0.00 ms.
Mono: successfully reloaded assembly
- Completed reload, in  1.401 seconds
Platform modules already initialized, skipping
Shader 'Universal Render Pipeline/Particles/Lit': fallback shader 'Universal Render Pipeline/Particles/SimpleLit' not found
Shader 'Universal Render Pipeline/Particles/Lit': fallback shader 'Universal Render Pipeline/Particles/SimpleLit' not found
Refreshing native plugins compatible for Editor in 0.93 ms, found 6 plugins.
Preloading 0 native plugins for Editor in 0.00 ms.
Unloading 4518 Unused Serialized files (Serialized files now loaded: 0)
System memory in use before: 179.3 MB.
System memory in use after: 176.7 MB.

Unloading 61 unused Assets to reduce memory usage. Loaded Objects now: 5048.
Total: 5.763500 ms (FindLiveObjects: 0.765400 ms CreateObjectMapping: 0.566400 ms MarkObjects: 2.850600 ms  DeleteObjects: 1.579700 ms)

========================================================================
Received Import Request.
  Time since last request: 7.098784 seconds.
  path: Assets/Scripts/VRShoot.cs
  artifactKey: Guid(edbb185a8a2054a4e9e97095a3709fa6) Importer(815301076,1909f56bfc062723c751e8b465ee728b)
Start importing Assets/Scripts/VRShoot.cs using Guid(edbb185a8a2054a4e9e97095a3709fa6) Importer(815301076,1909f56bfc062723c751e8b465ee728b)  -> (artifact id: '551b848ab01010bfa3a400a6832a3746') in 0.023747 seconds 
========================================================================
Received Prepare
Registering precompiled user dll's ...
Registered in 0.033633 seconds.
Begin MonoManager ReloadAssembly
Native extension for WindowsStandalone target not found
Native extension for WebGL target not found
Refreshing native plugins compatible for Editor in 1.17 ms, found 6 plugins.
Preloading 0 native plugins for Editor in 0.00 ms.
Mono: successfully reloaded assembly
- Completed reload, in  1.115 seconds
Platform modules already initialized, skipping
Shader 'Universal Render Pipeline/Particles/Lit': fallback shader 'Universal Render Pipeline/Particles/SimpleLit' not found
Shader 'Universal Render Pipeline/Particles/Lit': fallback shader 'Universal Render Pipeline/Particles/SimpleLit' not found
Refreshing native plugins compatible for Editor in 0.91 ms, found 6 plugins.
Preloading 0 native plugins for Editor in 0.00 ms.
Unloading 4518 Unused Serialized files (Serialized files now loaded: 0)
System memory in use before: 179.4 MB.
System memory in use after: 176.7 MB.

Unloading 61 unused Assets to reduce memory usage. Loaded Objects now: 5052.
Total: 6.388000 ms (FindLiveObjects: 0.899200 ms CreateObjectMapping: 0.777100 ms MarkObjects: 3.269300 ms  DeleteObjects: 1.441000 ms)

========================================================================
Received Import Request.
  Time since last request: 14.060301 seconds.
  path: Assets/Scripts/VRShoot.cs
  artifactKey: Guid(edbb185a8a2054a4e9e97095a3709fa6) Importer(815301076,1909f56bfc062723c751e8b465ee728b)
Start importing Assets/Scripts/VRShoot.cs using Guid(edbb185a8a2054a4e9e97095a3709fa6) Importer(815301076,1909f56bfc062723c751e8b465ee728b)  -> (artifact id: '8b5e6571e70e40fbb84bc877b64f0de8') in 0.043618 seconds 
========================================================================
Received Prepare
Registering precompiled user dll's ...
Registered in 0.010522 seconds.
Begin MonoManager ReloadAssembly
Native extension for WindowsStandalone target not found
Native extension for WebGL target not found
Refreshing native plugins compatible for Editor in 2.70 ms, found 6 plugins.
Preloading 0 native plugins for Editor in 0.00 ms.
Mono: successfully reloaded assembly
- Completed reload, in  1.190 seconds
Platform modules already initialized, skipping
Shader 'Universal Render Pipeline/Particles/Lit': fallback shader 'Universal Render Pipeline/Particles/SimpleLit' not found
Shader 'Universal Render Pipeline/Particles/Lit': fallback shader 'Universal Render Pipeline/Particles/SimpleLit' not found
Refreshing native plugins compatible for Editor in 1.77 ms, found 6 plugins.
Preloading 0 native plugins for Editor in 0.00 ms.
Unloading 4518 Unused Serialized files (Serialized files now loaded: 0)
System memory in use before: 179.4 MB.
System memory in use after: 176.7 MB.

Unloading 61 unused Assets to reduce memory usage. Loaded Objects now: 5056.
Total: 3.912400 ms (FindLiveObjects: 0.362100 ms CreateObjectMapping: 0.279900 ms MarkObjects: 2.092300 ms  DeleteObjects: 1.177100 ms)

========================================================================
Received Prepare
Registering precompiled user dll's ...
Registered in 0.006403 seconds.
Begin MonoManager ReloadAssembly
Native extension for WindowsStandalone target not found
Native extension for WebGL target not found
Refreshing native plugins compatible for Editor in 0.88 ms, found 6 plugins.
Preloading 0 native plugins for Editor in 0.00 ms.
Mono: successfully reloaded assembly
- Completed reload, in  1.053 seconds
Platform modules already initialized, skipping
Shader 'Universal Render Pipeline/Particles/Lit': fallback shader 'Universal Render Pipeline/Particles/SimpleLit' not found
Shader 'Universal Render Pipeline/Particles/Lit': fallback shader 'Universal Render Pipeline/Particles/SimpleLit' not found
Refreshing native plugins compatible for Editor in 0.90 ms, found 6 plugins.
Preloading 0 native plugins for Editor in 0.00 ms.
Unloading 4518 Unused Serialized files (Serialized files now loaded: 0)
System memory in use before: 179.3 MB.
System memory in use after: 176.7 MB.

Unloading 61 unused Assets to reduce memory usage. Loaded Objects now: 5060.
Total: 5.515500 ms (FindLiveObjects: 0.476100 ms CreateObjectMapping: 0.537500 ms MarkObjects: 3.322100 ms  DeleteObjects: 1.178700 ms)

========================================================================
Received Prepare
Registering precompiled user dll's ...
Registered in 0.005899 seconds.
Begin MonoManager ReloadAssembly
Native extension for WindowsStandalone target not found
Native extension for WebGL target not found
Refreshing native plugins compatible for Editor in 1.09 ms, found 6 plugins.
Preloading 0 native plugins for Editor in 0.00 ms.
Mono: successfully reloaded assembly
- Completed reload, in  1.107 seconds
Platform modules already initialized, skipping
Shader 'Universal Render Pipeline/Particles/Lit': fallback shader 'Universal Render Pipeline/Particles/SimpleLit' not found
Shader 'Universal Render Pipeline/Particles/Lit': fallback shader 'Universal Render Pipeline/Particles/SimpleLit' not found
Refreshing native plugins compatible for Editor in 0.99 ms, found 6 plugins.
Preloading 0 native plugins for Editor in 0.00 ms.
Unloading 4518 Unused Serialized files (Serialized files now loaded: 0)
System memory in use before: 179.4 MB.
System memory in use after: 176.7 MB.

Unloading 61 unused Assets to reduce memory usage. Loaded Objects now: 5064.
Total: 4.134400 ms (FindLiveObjects: 0.341300 ms CreateObjectMapping: 0.357900 ms MarkObjects: 2.166500 ms  DeleteObjects: 1.267600 ms)

========================================================================
Received Prepare
Registering precompiled user dll's ...
Registered in 0.006548 seconds.
Begin MonoManager ReloadAssembly
Native extension for WindowsStandalone target not found
Native extension for WebGL target not found
Refreshing native plugins compatible for Editor in 0.99 ms, found 6 plugins.
Preloading 0 native plugins for Editor in 0.00 ms.
Mono: successfully reloaded assembly
- Completed reload, in  1.044 seconds
Platform modules already initialized, skipping
Shader 'Universal Render Pipeline/Particles/Lit': fallback shader 'Universal Render Pipeline/Particles/SimpleLit' not found
Shader 'Universal Render Pipeline/Particles/Lit': fallback shader 'Universal Render Pipeline/Particles/SimpleLit' not found
Refreshing native plugins compatible for Editor in 0.91 ms, found 6 plugins.
Preloading 0 native plugins for Editor in 0.00 ms.
Unloading 4518 Unused Serialized files (Serialized files now loaded: 0)
System memory in use before: 179.4 MB.
System memory in use after: 176.7 MB.

Unloading 61 unused Assets to reduce memory usage. Loaded Objects now: 5068.
Total: 4.189000 ms (FindLiveObjects: 0.354600 ms CreateObjectMapping: 0.207400 ms MarkObjects: 2.425900 ms  DeleteObjects: 1.200000 ms)

========================================================================
Received Prepare
Registering precompiled user dll's ...
Registered in 0.005663 seconds.
Begin MonoManager ReloadAssembly
Native extension for WindowsStandalone target not found
Native extension for WebGL target not found
Refreshing native plugins compatible for Editor in 1.02 ms, found 6 plugins.
Preloading 0 native plugins for Editor in 0.00 ms.
Mono: successfully reloaded assembly
- Completed reload, in  1.115 seconds
Platform modules already initialized, skipping
Shader 'Universal Render Pipeline/Particles/Lit': fallback shader 'Universal Render Pipeline/Particles/SimpleLit' not found
Shader 'Universal Render Pipeline/Particles/Lit': fallback shader 'Universal Render Pipeline/Particles/SimpleLit' not found
Refreshing native plugins compatible for Editor in 0.91 ms, found 6 plugins.
Preloading 0 native plugins for Editor in 0.00 ms.
Unloading 4518 Unused Serialized files (Serialized files now loaded: 0)
System memory in use before: 179.4 MB.
System memory in use after: 176.7 MB.

Unloading 61 unused Assets to reduce memory usage. Loaded Objects now: 5072.
Total: 4.668700 ms (FindLiveObjects: 0.637000 ms CreateObjectMapping: 0.223100 ms MarkObjects: 2.527800 ms  DeleteObjects: 1.279100 ms)

========================================================================
Received Prepare
Registering precompiled user dll's ...
Registered in 0.006783 seconds.
Begin MonoManager ReloadAssembly
Native extension for WindowsStandalone target not found
Native extension for WebGL target not found
Refreshing native plugins compatible for Editor in 1.16 ms, found 6 plugins.
Preloading 0 native plugins for Editor in 0.00 ms.
Mono: successfully reloaded assembly
- Completed reload, in  1.037 seconds
Platform modules already initialized, skipping
Shader 'Universal Render Pipeline/Particles/Lit': fallback shader 'Universal Render Pipeline/Particles/SimpleLit' not found
Shader 'Universal Render Pipeline/Particles/Lit': fallback shader 'Universal Render Pipeline/Particles/SimpleLit' not found
Refreshing native plugins compatible for Editor in 1.58 ms, found 6 plugins.
Preloading 0 native plugins for Editor in 0.00 ms.
Unloading 4518 Unused Serialized files (Serialized files now loaded: 0)
System memory in use before: 179.4 MB.
System memory in use after: 176.8 MB.

Unloading 61 unused Assets to reduce memory usage. Loaded Objects now: 5076.
Total: 6.006500 ms (FindLiveObjects: 0.445800 ms CreateObjectMapping: 0.394400 ms MarkObjects: 3.432400 ms  DeleteObjects: 1.732200 ms)

========================================================================
Received Prepare
Registering precompiled user dll's ...
Registered in 0.007924 seconds.
Begin MonoManager ReloadAssembly
Native extension for WindowsStandalone target not found
Native extension for WebGL target not found
Refreshing native plugins compatible for Editor in 0.91 ms, found 6 plugins.
Preloading 0 native plugins for Editor in 0.00 ms.
Mono: successfully reloaded assembly
- Completed reload, in  1.033 seconds
Platform modules already initialized, skipping
Shader 'Universal Render Pipeline/Particles/Lit': fallback shader 'Universal Render Pipeline/Particles/SimpleLit' not found
Shader 'Universal Render Pipeline/Particles/Lit': fallback shader 'Universal Render Pipeline/Particles/SimpleLit' not found
Refreshing native plugins compatible for Editor in 0.89 ms, found 6 plugins.
Preloading 0 native plugins for Editor in 0.00 ms.
Unloading 4518 Unused Serialized files (Serialized files now loaded: 0)
System memory in use before: 179.5 MB.
System memory in use after: 176.8 MB.

Unloading 61 unused Assets to reduce memory usage. Loaded Objects now: 5080.
Total: 4.257900 ms (FindLiveObjects: 0.373900 ms CreateObjectMapping: 0.364200 ms MarkObjects: 2.318300 ms  DeleteObjects: 1.200100 ms)

========================================================================
Received Prepare
Registering precompiled user dll's ...
Registered in 0.006776 seconds.
Begin MonoManager ReloadAssembly
Native extension for WindowsStandalone target not found
Native extension for WebGL target not found
Refreshing native plugins compatible for Editor in 0.91 ms, found 6 plugins.
Preloading 0 native plugins for Editor in 0.00 ms.
Mono: successfully reloaded assembly
- Completed reload, in  1.055 seconds
Platform modules already initialized, skipping
Shader 'Universal Render Pipeline/Particles/Lit': fallback shader 'Universal Render Pipeline/Particles/SimpleLit' not found
Shader 'Universal Render Pipeline/Particles/Lit': fallback shader 'Universal Render Pipeline/Particles/SimpleLit' not found
Refreshing native plugins compatible for Editor in 1.12 ms, found 6 plugins.
Preloading 0 native plugins for Editor in 0.00 ms.
Unloading 4518 Unused Serialized files (Serialized files now loaded: 0)
System memory in use before: 179.5 MB.
System memory in use after: 176.8 MB.

Unloading 61 unused Assets to reduce memory usage. Loaded Objects now: 5084.
Total: 4.457600 ms (FindLiveObjects: 0.370200 ms CreateObjectMapping: 0.240900 ms MarkObjects: 2.479900 ms  DeleteObjects: 1.365400 ms)

========================================================================
Received Prepare
Registering precompiled user dll's ...
Registered in 0.006613 seconds.
Begin MonoManager ReloadAssembly
Native extension for WindowsStandalone target not found
Native extension for WebGL target not found
Refreshing native plugins compatible for Editor in 1.01 ms, found 6 plugins.
Preloading 0 native plugins for Editor in 0.00 ms.
Mono: successfully reloaded assembly
- Completed reload, in  1.532 seconds
Platform modules already initialized, skipping
Shader 'Universal Render Pipeline/Particles/Lit': fallback shader 'Universal Render Pipeline/Particles/SimpleLit' not found
Shader 'Universal Render Pipeline/Particles/Lit': fallback shader 'Universal Render Pipeline/Particles/SimpleLit' not found
Refreshing native plugins compatible for Editor in 0.89 ms, found 6 plugins.
Preloading 0 native plugins for Editor in 0.00 ms.
Unloading 4518 Unused Serialized files (Serialized files now loaded: 0)
System memory in use before: 179.4 MB.
System memory in use after: 176.8 MB.

Unloading 61 unused Assets to reduce memory usage. Loaded Objects now: 5088.
Total: 8.666500 ms (FindLiveObjects: 0.403900 ms CreateObjectMapping: 0.299000 ms MarkObjects: 4.849600 ms  DeleteObjects: 3.112500 ms)

========================================================================
Received Prepare
Registering precompiled user dll's ...
Registered in 0.009702 seconds.
Begin MonoManager ReloadAssembly
Native extension for WindowsStandalone target not found
Native extension for WebGL target not found
Refreshing native plugins compatible for Editor in 2.65 ms, found 6 plugins.
Preloading 0 native plugins for Editor in 0.00 ms.
Mono: successfully reloaded assembly
- Completed reload, in  1.742 seconds
Platform modules already initialized, skipping
Shader 'Universal Render Pipeline/Particles/Lit': fallback shader 'Universal Render Pipeline/Particles/SimpleLit' not found
Shader 'Universal Render Pipeline/Particles/Lit': fallback shader 'Universal Render Pipeline/Particles/SimpleLit' not found
Refreshing native plugins compatible for Editor in 5.38 ms, found 6 plugins.
Preloading 0 native plugins for Editor in 0.00 ms.
Unloading 4518 Unused Serialized files (Serialized files now loaded: 0)
System memory in use before: 179.4 MB.
System memory in use after: 176.8 MB.

Unloading 61 unused Assets to reduce memory usage. Loaded Objects now: 5092.
Total: 6.548300 ms (FindLiveObjects: 0.843800 ms CreateObjectMapping: 0.626200 ms MarkObjects: 3.550300 ms  DeleteObjects: 1.526300 ms)

========================================================================
Received Prepare
Registering precompiled user dll's ...
Registered in 0.011716 seconds.
Begin MonoManager ReloadAssembly
Native extension for WindowsStandalone target not found
Native extension for WebGL target not found
Refreshing native plugins compatible for Editor in 3.47 ms, found 6 plugins.
Preloading 0 native plugins for Editor in 0.00 ms.
Mono: successfully reloaded assembly
- Completed reload, in  1.832 seconds
Platform modules already initialized, skipping
Shader 'Universal Render Pipeline/Particles/Lit': fallback shader 'Universal Render Pipeline/Particles/SimpleLit' not found
Shader 'Universal Render Pipeline/Particles/Lit': fallback shader 'Universal Render Pipeline/Particles/SimpleLit' not found
Refreshing native plugins compatible for Editor in 1.04 ms, found 6 plugins.
Preloading 0 native plugins for Editor in 0.00 ms.
Unloading 4518 Unused Serialized files (Serialized files now loaded: 0)
System memory in use before: 179.4 MB.
System memory in use after: 176.8 MB.

Unloading 61 unused Assets to reduce memory usage. Loaded Objects now: 5096.
Total: 4.230900 ms (FindLiveObjects: 0.343900 ms CreateObjectMapping: 0.232700 ms MarkObjects: 2.536700 ms  DeleteObjects: 1.116100 ms)

========================================================================
Received Prepare
Registering precompiled user dll's ...
Registered in 0.006063 seconds.
Begin MonoManager ReloadAssembly
Native extension for WindowsStandalone target not found
Native extension for WebGL target not found
Refreshing native plugins compatible for Editor in 1.19 ms, found 6 plugins.
Preloading 0 native plugins for Editor in 0.00 ms.
Mono: successfully reloaded assembly
- Completed reload, in  1.585 seconds
Platform modules already initialized, skipping
Shader 'Universal Render Pipeline/Particles/Lit': fallback shader 'Universal Render Pipeline/Particles/SimpleLit' not found
Shader 'Universal Render Pipeline/Particles/Lit': fallback shader 'Universal Render Pipeline/Particles/SimpleLit' not found
Refreshing native plugins compatible for Editor in 0.92 ms, found 6 plugins.
Preloading 0 native plugins for Editor in 0.00 ms.
Unloading 4518 Unused Serialized files (Serialized files now loaded: 0)
System memory in use before: 179.5 MB.
System memory in use after: 176.8 MB.

Unloading 61 unused Assets to reduce memory usage. Loaded Objects now: 5100.
Total: 6.340200 ms (FindLiveObjects: 0.438800 ms CreateObjectMapping: 0.340300 ms MarkObjects: 4.063000 ms  DeleteObjects: 1.495900 ms)

========================================================================
Received Prepare
Registering precompiled user dll's ...
Registered in 0.008153 seconds.
Begin MonoManager ReloadAssembly
Native extension for WindowsStandalone target not found
Native extension for WebGL target not found
Refreshing native plugins compatible for Editor in 0.97 ms, found 6 plugins.
Preloading 0 native plugins for Editor in 0.00 ms.
Mono: successfully reloaded assembly
- Completed reload, in  1.202 seconds
Platform modules already initialized, skipping
Shader 'Universal Render Pipeline/Particles/Lit': fallback shader 'Universal Render Pipeline/Particles/SimpleLit' not found
Shader 'Universal Render Pipeline/Particles/Lit': fallback shader 'Universal Render Pipeline/Particles/SimpleLit' not found
Refreshing native plugins compatible for Editor in 1.89 ms, found 6 plugins.
Preloading 0 native plugins for Editor in 0.00 ms.
Unloading 4518 Unused Serialized files (Serialized files now loaded: 0)
System memory in use before: 179.5 MB.
System memory in use after: 176.8 MB.

Unloading 61 unused Assets to reduce memory usage. Loaded Objects now: 5104.
Total: 4.053100 ms (FindLiveObjects: 0.346900 ms CreateObjectMapping: 0.244900 ms MarkObjects: 2.154500 ms  DeleteObjects: 1.305700 ms)

========================================================================
Received Prepare
Registering precompiled user dll's ...
Registered in 0.006113 seconds.
Begin MonoManager ReloadAssembly
Native extension for WindowsStandalone target not found
Native extension for WebGL target not found
Refreshing native plugins compatible for Editor in 0.99 ms, found 6 plugins.
Preloading 0 native plugins for Editor in 0.00 ms.
Mono: successfully reloaded assembly
- Completed reload, in  1.074 seconds
Platform modules already initialized, skipping
Shader 'Universal Render Pipeline/Particles/Lit': fallback shader 'Universal Render Pipeline/Particles/SimpleLit' not found
Shader 'Universal Render Pipeline/Particles/Lit': fallback shader 'Universal Render Pipeline/Particles/SimpleLit' not found
Refreshing native plugins compatible for Editor in 0.90 ms, found 6 plugins.
Preloading 0 native plugins for Editor in 0.00 ms.
Unloading 4518 Unused Serialized files (Serialized files now loaded: 0)
System memory in use before: 179.5 MB.
System memory in use after: 176.8 MB.

Unloading 61 unused Assets to reduce memory usage. Loaded Objects now: 5108.
Total: 4.221700 ms (FindLiveObjects: 0.375200 ms CreateObjectMapping: 0.201000 ms MarkObjects: 2.462400 ms  DeleteObjects: 1.181900 ms)

========================================================================
Received Import Request.
  Time since last request: 864.237438 seconds.
  path: Assets/Scripts/Bullet.cs
  artifactKey: Guid(24d57c8a74e149947a1b8f1828143a36) Importer(815301076,1909f56bfc062723c751e8b465ee728b)
Start importing Assets/Scripts/Bullet.cs using Guid(24d57c8a74e149947a1b8f1828143a36) Importer(815301076,1909f56bfc062723c751e8b465ee728b)  -> (artifact id: '32e6c6f811d5f581732a60ef44b7c2c7') in 0.006446 seconds 
========================================================================
Received Prepare
Registering precompiled user dll's ...
Registered in 0.006440 seconds.
Begin MonoManager ReloadAssembly
Native extension for WindowsStandalone target not found
Native extension for WebGL target not found
Refreshing native plugins compatible for Editor in 1.10 ms, found 6 plugins.
Preloading 0 native plugins for Editor in 0.00 ms.
Mono: successfully reloaded assembly
- Completed reload, in  1.093 seconds
Platform modules already initialized, skipping
Shader 'Universal Render Pipeline/Particles/Lit': fallback shader 'Universal Render Pipeline/Particles/SimpleLit' not found
Shader 'Universal Render Pipeline/Particles/Lit': fallback shader 'Universal Render Pipeline/Particles/SimpleLit' not found
Refreshing native plugins compatible for Editor in 0.96 ms, found 6 plugins.
Preloading 0 native plugins for Editor in 0.00 ms.
Unloading 4519 Unused Serialized files (Serialized files now loaded: 0)
System memory in use before: 179.5 MB.
System memory in use after: 176.9 MB.

Unloading 61 unused Assets to reduce memory usage. Loaded Objects now: 5113.
Total: 4.822400 ms (FindLiveObjects: 0.387100 ms CreateObjectMapping: 0.316900 ms MarkObjects: 2.737500 ms  DeleteObjects: 1.379800 ms)

========================================================================
Received Import Request.
  Time since last request: 27.927367 seconds.
  path: Assets/Ball.prefab
  artifactKey: Guid(fe52a54e53b01f64d8817c34bc9e4fea) Importer(815301076,1909f56bfc062723c751e8b465ee728b)
Start importing Assets/Ball.prefab using Guid(fe52a54e53b01f64d8817c34bc9e4fea) Importer(815301076,1909f56bfc062723c751e8b465ee728b)  -> (artifact id: '0d848c4487c94805e6683ca110933934') in 0.203409 seconds 
========================================================================
Received Import Request.
  Time since last request: 13.953479 seconds.
  path: Assets/Ball.prefab
  artifactKey: Guid(fe52a54e53b01f64d8817c34bc9e4fea) Importer(815301076,1909f56bfc062723c751e8b465ee728b)
Start importing Assets/Ball.prefab using Guid(fe52a54e53b01f64d8817c34bc9e4fea) Importer(815301076,1909f56bfc062723c751e8b465ee728b)  -> (artifact id: 'bca5ba34e83a3c18073c82d8409c074f') in 0.008085 seconds 
========================================================================
Received Import Request.
  Time since last request: 396.426125 seconds.
  path: Assets/_
  artifactKey: Guid(4ad70f11d566df74ea78e615ab4e6803) Importer(815301076,1909f56bfc062723c751e8b465ee728b)
Start importing Assets/_ using Guid(4ad70f11d566df74ea78e615ab4e6803) Importer(815301076,1909f56bfc062723c751e8b465ee728b)  -> (artifact id: 'f75440df750204442bd34415c226453d') in 0.001671 seconds 
========================================================================
Received Import Request.
  Time since last request: 0.564576 seconds.
  path: Assets/_/Base
  artifactKey: Guid(e923061033aaf52448541b662297f701) Importer(815301076,1909f56bfc062723c751e8b465ee728b)
Start importing Assets/_/Base using Guid(e923061033aaf52448541b662297f701) Importer(815301076,1909f56bfc062723c751e8b465ee728b)  -> (artifact id: 'f522b46745e4ba9ec4eed9300e47dee0') in 0.001643 seconds 
========================================================================
Received Import Request.
  Time since last request: 0.487075 seconds.
  path: Assets/_/Base/BaseScripts
  artifactKey: Guid(c5240cddbdae0d34b87de0e616a299e4) Importer(815301076,1909f56bfc062723c751e8b465ee728b)
Start importing Assets/_/Base/BaseScripts using Guid(c5240cddbdae0d34b87de0e616a299e4) Importer(815301076,1909f56bfc062723c751e8b465ee728b)  -> (artifact id: '61140a95152d4674a146dd1688a67949') in 0.002799 seconds 
========================================================================
Received Import Request.
  Time since last request: 0.472106 seconds.
  path: Assets/_/Base/BaseScripts/Characters
  artifactKey: Guid(c237e256e5235f0429a2e38a43ce74da) Importer(815301076,1909f56bfc062723c751e8b465ee728b)
Start importing Assets/_/Base/BaseScripts/Characters using Guid(c237e256e5235f0429a2e38a43ce74da) Importer(815301076,1909f56bfc062723c751e8b465ee728b)  -> (artifact id: '80365f32d1e54909fb85e06bc7a4c328') in 0.002006 seconds 
========================================================================
Received Import Request.
  Time since last request: 0.509089 seconds.
  path: Assets/_/Base/BaseScripts/Characters/CharacterAim_Base.cs
  artifactKey: Guid(cf8196a5b43067342bcc6662b50ef8ff) Importer(815301076,1909f56bfc062723c751e8b465ee728b)
Start importing Assets/_/Base/BaseScripts/Characters/CharacterAim_Base.cs using Guid(cf8196a5b43067342bcc6662b50ef8ff) Importer(815301076,1909f56bfc062723c751e8b465ee728b)  -> (artifact id: '9df32f107353fdd360724e1786e73143') in 0.001652 seconds 
========================================================================
Received Import Request.
  Time since last request: 281.943684 seconds.
  path: Assets/ShootProjectiles
  artifactKey: Guid(64ad632ac5a6b3f498045193bb6b3273) Importer(815301076,1909f56bfc062723c751e8b465ee728b)
Start importing Assets/ShootProjectiles using Guid(64ad632ac5a6b3f498045193bb6b3273) Importer(815301076,1909f56bfc062723c751e8b465ee728b)  -> (artifact id: 'e819b0893d21941ce53fa7c57490f6cc') in 0.001864 seconds 
========================================================================
Received Prepare
Registering precompiled user dll's ...
Registered in 0.007763 seconds.
Begin MonoManager ReloadAssembly
Native extension for WindowsStandalone target not found
Native extension for WebGL target not found
Refreshing native plugins compatible for Editor in 0.91 ms, found 6 plugins.
Preloading 0 native plugins for Editor in 0.00 ms.
Mono: successfully reloaded assembly
- Completed reload, in  1.888 seconds
Platform modules already initialized, skipping
Shader 'Universal Render Pipeline/Particles/Lit': fallback shader 'Universal Render Pipeline/Particles/SimpleLit' not found
Shader 'Universal Render Pipeline/Particles/Lit': fallback shader 'Universal Render Pipeline/Particles/SimpleLit' not found
Refreshing native plugins compatible for Editor in 0.96 ms, found 6 plugins.
Preloading 0 native plugins for Editor in 0.00 ms.
Unloading 4519 Unused Serialized files (Serialized files now loaded: 0)
System memory in use before: 181.9 MB.
System memory in use after: 179.3 MB.

Unloading 61 unused Assets to reduce memory usage. Loaded Objects now: 5162.
Total: 4.142900 ms (FindLiveObjects: 0.349500 ms CreateObjectMapping: 0.236200 ms MarkObjects: 2.454600 ms  DeleteObjects: 1.101900 ms)

========================================================================
Received Prepare
Registering precompiled user dll's ...
Registered in 0.016869 seconds.
Begin MonoManager ReloadAssembly
Native extension for WindowsStandalone target not found
Native extension for WebGL target not found
Refreshing native plugins compatible for Editor in 1.05 ms, found 6 plugins.
Preloading 0 native plugins for Editor in 0.00 ms.
Mono: successfully reloaded assembly
- Completed reload, in  1.163 seconds
Platform modules already initialized, skipping
Shader 'Universal Render Pipeline/Particles/Lit': fallback shader 'Universal Render Pipeline/Particles/SimpleLit' not found
Shader 'Universal Render Pipeline/Particles/Lit': fallback shader 'Universal Render Pipeline/Particles/SimpleLit' not found
Refreshing native plugins compatible for Editor in 0.97 ms, found 6 plugins.
Preloading 0 native plugins for Editor in 0.00 ms.
Unloading 4519 Unused Serialized files (Serialized files now loaded: 0)
System memory in use before: 182.0 MB.
System memory in use after: 179.3 MB.

Unloading 61 unused Assets to reduce memory usage. Loaded Objects now: 5166.
Total: 4.170600 ms (FindLiveObjects: 0.427700 ms CreateObjectMapping: 0.230300 ms MarkObjects: 2.379400 ms  DeleteObjects: 1.131500 ms)

========================================================================
Received Prepare
Registering precompiled user dll's ...
Registered in 0.008446 seconds.
Begin MonoManager ReloadAssembly
Native extension for WindowsStandalone target not found
Native extension for WebGL target not found
Refreshing native plugins compatible for Editor in 0.94 ms, found 6 plugins.
Preloading 0 native plugins for Editor in 0.00 ms.
Mono: successfully reloaded assembly
- Completed reload, in  1.227 seconds
Platform modules already initialized, skipping
Shader 'Universal Render Pipeline/Particles/Lit': fallback shader 'Universal Render Pipeline/Particles/SimpleLit' not found
Shader 'Universal Render Pipeline/Particles/Lit': fallback shader 'Universal Render Pipeline/Particles/SimpleLit' not found
Refreshing native plugins compatible for Editor in 1.01 ms, found 6 plugins.
Preloading 0 native plugins for Editor in 0.00 ms.
Unloading 4519 Unused Serialized files (Serialized files now loaded: 0)
System memory in use before: 181.9 MB.
System memory in use after: 179.2 MB.

Unloading 61 unused Assets to reduce memory usage. Loaded Objects now: 5170.
Total: 7.144100 ms (FindLiveObjects: 0.875500 ms CreateObjectMapping: 1.070200 ms MarkObjects: 3.895300 ms  DeleteObjects: 1.301800 ms)

========================================================================
Received Prepare
Registering precompiled user dll's ...
Registered in 0.007620 seconds.
Begin MonoManager ReloadAssembly
Native extension for WindowsStandalone target not found
Native extension for WebGL target not found
Refreshing native plugins compatible for Editor in 0.99 ms, found 6 plugins.
Preloading 0 native plugins for Editor in 0.00 ms.
Mono: successfully reloaded assembly
- Completed reload, in  1.048 seconds
Platform modules already initialized, skipping
Shader 'Universal Render Pipeline/Particles/Lit': fallback shader 'Universal Render Pipeline/Particles/SimpleLit' not found
Shader 'Universal Render Pipeline/Particles/Lit': fallback shader 'Universal Render Pipeline/Particles/SimpleLit' not found
Refreshing native plugins compatible for Editor in 0.96 ms, found 6 plugins.
Preloading 0 native plugins for Editor in 0.00 ms.
Unloading 4519 Unused Serialized files (Serialized files now loaded: 0)
System memory in use before: 181.9 MB.
System memory in use after: 179.2 MB.

Unloading 61 unused Assets to reduce memory usage. Loaded Objects now: 5174.
Total: 4.511700 ms (FindLiveObjects: 0.346700 ms CreateObjectMapping: 0.211500 ms MarkObjects: 2.454500 ms  DeleteObjects: 1.497900 ms)

========================================================================
Received Prepare
Registering precompiled user dll's ...
Registered in 0.005668 seconds.
Begin MonoManager ReloadAssembly
Native extension for WindowsStandalone target not found
Native extension for WebGL target not found
Refreshing native plugins compatible for Editor in 1.23 ms, found 6 plugins.
Preloading 0 native plugins for Editor in 0.00 ms.
Mono: successfully reloaded assembly
- Completed reload, in  1.027 seconds
Platform modules already initialized, skipping
Shader 'Universal Render Pipeline/Particles/Lit': fallback shader 'Universal Render Pipeline/Particles/SimpleLit' not found
Shader 'Universal Render Pipeline/Particles/Lit': fallback shader 'Universal Render Pipeline/Particles/SimpleLit' not found
Refreshing native plugins compatible for Editor in 1.20 ms, found 6 plugins.
Preloading 0 native plugins for Editor in 0.00 ms.
Unloading 4519 Unused Serialized files (Serialized files now loaded: 0)
System memory in use before: 181.9 MB.
System memory in use after: 179.2 MB.

Unloading 61 unused Assets to reduce memory usage. Loaded Objects now: 5178.
Total: 6.341300 ms (FindLiveObjects: 1.118500 ms CreateObjectMapping: 0.520900 ms MarkObjects: 2.922500 ms  DeleteObjects: 1.777300 ms)

========================================================================
Received Prepare
Registering precompiled user dll's ...
Registered in 0.005567 seconds.
Begin MonoManager ReloadAssembly
Native extension for WindowsStandalone target not found
Native extension for WebGL target not found
Refreshing native plugins compatible for Editor in 1.12 ms, found 6 plugins.
Preloading 0 native plugins for Editor in 0.00 ms.
Mono: successfully reloaded assembly
- Completed reload, in  1.157 seconds
Platform modules already initialized, skipping
Shader 'Universal Render Pipeline/Particles/Lit': fallback shader 'Universal Render Pipeline/Particles/SimpleLit' not found
Shader 'Universal Render Pipeline/Particles/Lit': fallback shader 'Universal Render Pipeline/Particles/SimpleLit' not found
Refreshing native plugins compatible for Editor in 0.90 ms, found 6 plugins.
Preloading 0 native plugins for Editor in 0.00 ms.
Unloading 4519 Unused Serialized files (Serialized files now loaded: 0)
System memory in use before: 181.9 MB.
System memory in use after: 179.2 MB.

Unloading 61 unused Assets to reduce memory usage. Loaded Objects now: 5182.
Total: 4.318900 ms (FindLiveObjects: 0.455500 ms CreateObjectMapping: 0.299500 ms MarkObjects: 2.248900 ms  DeleteObjects: 1.313700 ms)

========================================================================
Received Prepare
Registering precompiled user dll's ...
Registered in 0.005407 seconds.
Begin MonoManager ReloadAssembly
Native extension for WindowsStandalone target not found
Native extension for WebGL target not found
Refreshing native plugins compatible for Editor in 1.20 ms, found 6 plugins.
Preloading 0 native plugins for Editor in 0.00 ms.
Mono: successfully reloaded assembly
- Completed reload, in  1.069 seconds
Platform modules already initialized, skipping
Shader 'Universal Render Pipeline/Particles/Lit': fallback shader 'Universal Render Pipeline/Particles/SimpleLit' not found
Shader 'Universal Render Pipeline/Particles/Lit': fallback shader 'Universal Render Pipeline/Particles/SimpleLit' not found
Refreshing native plugins compatible for Editor in 0.87 ms, found 6 plugins.
Preloading 0 native plugins for Editor in 0.00 ms.
Unloading 4519 Unused Serialized files (Serialized files now loaded: 0)
System memory in use before: 181.9 MB.
System memory in use after: 179.3 MB.

Unloading 61 unused Assets to reduce memory usage. Loaded Objects now: 5186.
Total: 4.949200 ms (FindLiveObjects: 0.878100 ms CreateObjectMapping: 0.399500 ms MarkObjects: 2.532000 ms  DeleteObjects: 1.138400 ms)

========================================================================
Received Prepare
Registering precompiled user dll's ...
Registered in 0.005895 seconds.
Begin MonoManager ReloadAssembly
Native extension for WindowsStandalone target not found
Native extension for WebGL target not found
Refreshing native plugins compatible for Editor in 0.97 ms, found 6 plugins.
Preloading 0 native plugins for Editor in 0.00 ms.
Mono: successfully reloaded assembly
- Completed reload, in  1.083 seconds
Platform modules already initialized, skipping
Shader 'Universal Render Pipeline/Particles/Lit': fallback shader 'Universal Render Pipeline/Particles/SimpleLit' not found
Shader 'Universal Render Pipeline/Particles/Lit': fallback shader 'Universal Render Pipeline/Particles/SimpleLit' not found
Refreshing native plugins compatible for Editor in 0.92 ms, found 6 plugins.
Preloading 0 native plugins for Editor in 0.00 ms.
Unloading 4519 Unused Serialized files (Serialized files now loaded: 0)
System memory in use before: 182.0 MB.
System memory in use after: 179.3 MB.

Unloading 61 unused Assets to reduce memory usage. Loaded Objects now: 5190.
Total: 4.448900 ms (FindLiveObjects: 0.499700 ms CreateObjectMapping: 0.393300 ms MarkObjects: 2.342200 ms  DeleteObjects: 1.212900 ms)

========================================================================
Received Prepare
Registering precompiled user dll's ...
Registered in 0.006369 seconds.
Begin MonoManager ReloadAssembly
Native extension for WindowsStandalone target not found
Native extension for WebGL target not found
Refreshing native plugins compatible for Editor in 1.03 ms, found 6 plugins.
Preloading 0 native plugins for Editor in 0.00 ms.
Mono: successfully reloaded assembly
- Completed reload, in  1.397 seconds
Platform modules already initialized, skipping
Shader 'Universal Render Pipeline/Particles/Lit': fallback shader 'Universal Render Pipeline/Particles/SimpleLit' not found
Shader 'Universal Render Pipeline/Particles/Lit': fallback shader 'Universal Render Pipeline/Particles/SimpleLit' not found
Refreshing native plugins compatible for Editor in 1.58 ms, found 6 plugins.
Preloading 0 native plugins for Editor in 0.00 ms.
Unloading 4519 Unused Serialized files (Serialized files now loaded: 0)
System memory in use before: 182.0 MB.
System memory in use after: 179.3 MB.

Unloading 61 unused Assets to reduce memory usage. Loaded Objects now: 5194.
Total: 4.031900 ms (FindLiveObjects: 0.357800 ms CreateObjectMapping: 0.227200 ms MarkObjects: 2.258200 ms  DeleteObjects: 1.187700 ms)

